Using pre-set license
Built from '2020.3/release' branch; Version is '2020.3.2f1 (8fd9074bf66c) revision 9427207'; Using compiler version '192528614'; Build Type 'Release'
OS: 'Windows 10 Pro; OS build 19042.985; Version 2009; 64bit' Language: 'ru' Physical Memory: 32722 MB
BatchMode: 1, IsHumanControllingUs: 0, StartBugReporterOnCrash: 0, Is64bit: 1, IsPro: 0

 COMMAND LINE ARGUMENTS:
E:\Documents Vova\Unity projects\2020.3.2f1\Editor\Unity.exe
-adb2
-batchMode
-noUpm
-name
AssetImportWorker0
-projectPath
E:/Documents Vova/Unity commit/Laba4
-logFile
Logs/AssetImportWorker0.log
-srvPort
50524
Successfully changed project path to: E:/Documents Vova/Unity commit/Laba4
E:/Documents Vova/Unity commit/Laba4
Using Asset Import Pipeline V2.
Refreshing native plugins compatible for Editor in 24.08 ms, found 0 plugins.
Preloading 0 native plugins for Editor in 0.00 ms.
Initialize engine version: 2020.3.2f1 (8fd9074bf66c)
[Subsystems] Discovering subsystems at path E:/Documents Vova/Unity projects/2020.3.2f1/Editor/Data/Resources/UnitySubsystems
[Subsystems] Discovering subsystems at path E:/Documents Vova/Unity commit/Laba4/Assets
GfxDevice: creating device client; threaded=0
Direct3D:
    Version:  Direct3D 11.0 [level 11.1]
    Renderer: NVIDIA GeForce GTX 1050 Ti (ID=0x1c82)
    Vendor:   
    VRAM:     4018 MB
    Driver:   27.21.14.6611
Initialize mono
Mono path[0] = 'E:/Documents Vova/Unity projects/2020.3.2f1/Editor/Data/Managed'
Mono path[1] = 'E:/Documents Vova/Unity projects/2020.3.2f1/Editor/Data/MonoBleedingEdge/lib/mono/unityjit'
Mono config path = 'E:/Documents Vova/Unity projects/2020.3.2f1/Editor/Data/MonoBleedingEdge/etc'
Using monoOptions --debugger-agent=transport=dt_socket,embedding=1,server=y,suspend=n,address=127.0.0.1:56192
Begin MonoManager ReloadAssembly
Registering precompiled unity dll's ...
Register platform support module: E:/Documents Vova/Unity projects/2020.3.2f1/Editor/Data/PlaybackEngines/WindowsStandaloneSupport/UnityEditor.WindowsStandalone.Extensions.dll
Registered in 0.001075 seconds.
Native extension for WindowsStandalone target not found
Refreshing native plugins compatible for Editor in 24.95 ms, found 0 plugins.
Preloading 0 native plugins for Editor in 0.00 ms.
Invoked RoslynAnalysisRunner static constructor.
RoslynAnalysisRunner will not be running.
RoslynAnalysisRunner has terminated.
Mono: successfully reloaded assembly
- Completed reload, in  0.984 seconds
Platform modules already initialized, skipping
Registering precompiled user dll's ...
Registered in 0.000543 seconds.
Begin MonoManager ReloadAssembly
Native extension for WindowsStandalone target not found
Refreshing native plugins compatible for Editor in 0.23 ms, found 0 plugins.
Preloading 0 native plugins for Editor in 0.00 ms.
Invoked RoslynAnalysisRunner static constructor.
RoslynAnalysisRunner will not be running.
RoslynAnalysisRunner has terminated.
Mono: successfully reloaded assembly
- Completed reload, in  0.825 seconds
Platform modules already initialized, skipping
========================================================================
Worker process is ready to serve import requests
Launched and connected shader compiler UnityShaderCompiler.exe after 0.05 seconds
Refreshing native plugins compatible for Editor in 0.43 ms, found 0 plugins.
Preloading 0 native plugins for Editor in 0.00 ms.
Unloading 1145 Unused Serialized files (Serialized files now loaded: 0)
System memory in use before: 59.5 MB.
System memory in use after: 59.6 MB.

Unloading 10 unused Assets to reduce memory usage. Loaded Objects now: 1596.
Total: 2.219100 ms (FindLiveObjects: 0.187400 ms CreateObjectMapping: 0.081000 ms MarkObjects: 1.871100 ms  DeleteObjects: 0.078400 ms)

========================================================================
Received Import Request.
  path: Assets/Resourses/Chest.asset
  artifactKey: Guid(688ad236875fe2b4b84ed0a7c6d59ba3) Importer(815301076,1909f56bfc062723c751e8b465ee728b)
Start importing Assets/Resourses/Chest.asset using Guid(688ad236875fe2b4b84ed0a7c6d59ba3) Importer(815301076,1909f56bfc062723c751e8b465ee728b)  -> (artifact id: 'a3429aa31e1bd1c748ee10c07c36ec92') in 0.096433 seconds
  Import took 0.099179 seconds .

========================================================================
Received Import Request.
  Time since last request: 0.000515 seconds.
  path: Assets/Resourses/WarriorSword.asset
  artifactKey: Guid(2447fd2170118c5469c4f7615392bef8) Importer(815301076,1909f56bfc062723c751e8b465ee728b)
Start importing Assets/Resourses/WarriorSword.asset using Guid(2447fd2170118c5469c4f7615392bef8) Importer(815301076,1909f56bfc062723c751e8b465ee728b)  -> (artifact id: '77cbc21723bb06c748241ed180503a73') in 0.003878 seconds
  Import took 0.007718 seconds .

========================================================================
Received Import Request.
  Time since last request: 0.000442 seconds.
  path: Assets/Resourses/SoldiersSword.asset
  artifactKey: Guid(c6b6a36b32421a141891feb2d74325a4) Importer(815301076,1909f56bfc062723c751e8b465ee728b)
Start importing Assets/Resourses/SoldiersSword.asset using Guid(c6b6a36b32421a141891feb2d74325a4) Importer(815301076,1909f56bfc062723c751e8b465ee728b)  -> (artifact id: 'ca0af22b99b0d900532be4697e0df80a') in 0.003987 seconds
  Import took 0.007339 seconds .

========================================================================
Received Import Request.
  Time since last request: 0.000432 seconds.
  path: Assets/Resourses/SoldierShield.asset
  artifactKey: Guid(aa6165d360e05d044ac926ced9199af9) Importer(815301076,1909f56bfc062723c751e8b465ee728b)
Start importing Assets/Resourses/SoldierShield.asset using Guid(aa6165d360e05d044ac926ced9199af9) Importer(815301076,1909f56bfc062723c751e8b465ee728b)  -> (artifact id: '4214f7bcd96ca54a24147e8f817bd598') in 0.020830 seconds
  Import took 0.041574 seconds .

========================================================================
Received Prepare
Registering precompiled user dll's ...
Registered in 0.000565 seconds.
Begin MonoManager ReloadAssembly
Native extension for WindowsStandalone target not found
Refreshing native plugins compatible for Editor in 0.23 ms, found 0 plugins.
Preloading 0 native plugins for Editor in 0.00 ms.
Invoked RoslynAnalysisRunner static constructor.
RoslynAnalysisRunner will not be running.
RoslynAnalysisRunner has terminated.
Mono: successfully reloaded assembly
- Completed reload, in  1.093 seconds
Platform modules already initialized, skipping
Refreshing native plugins compatible for Editor in 0.37 ms, found 0 plugins.
Preloading 0 native plugins for Editor in 0.00 ms.
Unloading 1140 Unused Serialized files (Serialized files now loaded: 0)
System memory in use before: 59.5 MB.
System memory in use after: 59.5 MB.

Unloading 5 unused Assets to reduce memory usage. Loaded Objects now: 1599.
Total: 2.396900 ms (FindLiveObjects: 0.416600 ms CreateObjectMapping: 0.060800 ms MarkObjects: 1.857400 ms  DeleteObjects: 0.060500 ms)

========================================================================
Received Prepare
Registering precompiled user dll's ...
Registered in 0.001322 seconds.
Begin MonoManager ReloadAssembly
Native extension for WindowsStandalone target not found
Refreshing native plugins compatible for Editor in 0.37 ms, found 0 plugins.
Preloading 0 native plugins for Editor in 0.00 ms.
Invoked RoslynAnalysisRunner static constructor.
RoslynAnalysisRunner will not be running.
RoslynAnalysisRunner has terminated.
Mono: successfully reloaded assembly
- Completed reload, in  0.984 seconds
Platform modules already initialized, skipping
Refreshing native plugins compatible for Editor in 0.25 ms, found 0 plugins.
Preloading 0 native plugins for Editor in 0.00 ms.
Unloading 1140 Unused Serialized files (Serialized files now loaded: 0)
System memory in use before: 59.5 MB.
System memory in use after: 59.6 MB.

Unloading 5 unused Assets to reduce memory usage. Loaded Objects now: 1602.
Total: 1.813300 ms (FindLiveObjects: 0.260000 ms CreateObjectMapping: 0.090000 ms MarkObjects: 1.416100 ms  DeleteObjects: 0.045900 ms)

========================================================================
Received Prepare
Registering precompiled user dll's ...
Registered in 0.000726 seconds.
Begin MonoManager ReloadAssembly
Native extension for WindowsStandalone target not found
Refreshing native plugins compatible for Editor in 0.23 ms, found 0 plugins.
Preloading 0 native plugins for Editor in 0.00 ms.
Invoked RoslynAnalysisRunner static constructor.
RoslynAnalysisRunner will not be running.
RoslynAnalysisRunner has terminated.
Mono: successfully reloaded assembly
- Completed reload, in  0.848 seconds
Platform modules already initialized, skipping
Refreshing native plugins compatible for Editor in 0.32 ms, found 0 plugins.
Preloading 0 native plugins for Editor in 0.00 ms.
Unloading 1140 Unused Serialized files (Serialized files now loaded: 0)
System memory in use before: 59.5 MB.
System memory in use after: 59.6 MB.

Unloading 5 unused Assets to reduce memory usage. Loaded Objects now: 1605.
Total: 1.746700 ms (FindLiveObjects: 0.211700 ms CreateObjectMapping: 0.068900 ms MarkObjects: 1.413600 ms  DeleteObjects: 0.051000 ms)

========================================================================
Received Prepare
Registering precompiled user dll's ...
Registered in 0.000654 seconds.
Begin MonoManager ReloadAssembly
Native extension for WindowsStandalone target not found
Refreshing native plugins compatible for Editor in 0.24 ms, found 0 plugins.
Preloading 0 native plugins for Editor in 0.00 ms.
Invoked RoslynAnalysisRunner static constructor.
RoslynAnalysisRunner will not be running.
RoslynAnalysisRunner has terminated.
Mono: successfully reloaded assembly
- Completed reload, in  0.751 seconds
Platform modules already initialized, skipping
Refreshing native plugins compatible for Editor in 0.23 ms, found 0 plugins.
Preloading 0 native plugins for Editor in 0.00 ms.
Unloading 1140 Unused Serialized files (Serialized files now loaded: 0)
System memory in use before: 59.5 MB.
System memory in use after: 59.6 MB.

Unloading 5 unused Assets to reduce memory usage. Loaded Objects now: 1608.
Total: 1.889700 ms (FindLiveObjects: 0.161300 ms CreateObjectMapping: 0.054600 ms MarkObjects: 1.615900 ms  DeleteObjects: 0.055900 ms)

========================================================================
Received Import Request.
  Time since last request: 3011.380946 seconds.
  path: Assets/Resourses/Chest.asset
  artifactKey: Guid(688ad236875fe2b4b84ed0a7c6d59ba3) Importer(815301076,1909f56bfc062723c751e8b465ee728b)
Start importing Assets/Resourses/Chest.asset using Guid(688ad236875fe2b4b84ed0a7c6d59ba3) Importer(815301076,1909f56bfc062723c751e8b465ee728b)  -> (artifact id: 'adf32c38ebe3a18ce0f0c8a0d15ce869') in 0.011150 seconds
  Import took 0.012942 seconds .

AssetImportWorkerClient::OnTransportError - code=2 error=End of file
